LAB5-2                                                                                                        PAGE 1

                       1    $MOD52
                       2    
                       3    ;–î–∞–Ω–Ω–∞—è –ø—Ä–æ–≥—Ä–∞–º–º–∞ –æ–±–µ—Å–ø–µ—á–∏–≤–∞–µ—Ç –≤–≤–æ–¥ –º–∞—Å—Å–∏–≤–∞ —Å–∏–º–≤–æ
                                                                               –ª—å–Ω–æ–π –∏–Ω—Ñ–æ—Ä–º–∞—Ü–∏–∏
                       4    ;–≤ –í–ü–î, —á–µ—Ä–µ–∑ –∫–∞–Ω–∞–ª –ø–æ—Å–ª–µ–¥–æ–≤–∞—Ç–µ–ª—å–Ω–æ–≥–æ –≤–≤–æ–¥–∞/–≤—ã–≤–æ–¥–∞
                                                                               
                       5    ;—Å –∏—Å–ø–æ–ª—å–∑–æ–≤–∞–Ω–∏–µ–º —Å–∏–≥–Ω–∞–ª–æ–≤ –∫–≤–∏—Ç–∏—Ä–æ–≤–∞–Ω–∏—è (–≥–æ—Ç–æ–≤–Ω–æ—Å
                                                                               —Ç—å –ø–µ—Ä–µ–¥–∞—Ç—á–∏–∫–∞,
                       6    ;–≥–æ—Ç–æ–≤–Ω–æ—Å—Ç—å –ø—Ä–∏—ë–º–Ω–∏–∫–∞). –î–ª—è —Ñ–æ—Ä–º–∏—Ä–æ–≤–∞–Ω–∏—è —Å–∏–≥–Ω–∞–ª–æ–≤ 
                                                                               –∫–≤–∏—Ç–∏—Ä–æ–≤–∞–Ω–∏—è
                       7    ;–∏—Å–ø–æ–ª—å–∑—É—é—Ç—Å—è –ª–∏–Ω–∏–∏ P3.4 –∏ P3.5. 
                       8    ;–°–∫–æ—Ä–æ—Å—Ç—å –≤—ã–≤–æ–¥–∞ - 2400 –±–æ–¥.
                       9    
  0080                10    EXTERNAL_DATA_MEMORY EQU 80h
  0070                11    EXTERNAL_DATA_MEMORY_SIZE EQU 70h
  0030                12    BYTE_NUMBER EQU 30h
  0031                13    ADDRESS EQU 31h
                      14    
0000                  15    ORG 00h
0000                  16    init_serial_port:
                      17            ;–°—Ç–µ–∫ —Ä–∞—Å—Ç—ë—Ç –≤–≤–µ—Ä—Ö - —É–∫–∞–∑–∞—Ç–µ–ª—å —É–∫–∞–∑—ã–≤–∞–µ—Ç –Ω–∞ –ø–µ—
                                                                               Ä–≤—ã–π –±–∞–π—Ç –ø–æ—Å–ª–µ –ø—Ä–æ–≥—Ä–∞–
                                                                               º–º—ã
0000 75813A           18            mov SP, #stack
                      19            
                      20            ;–£—Å—Ç–∞–Ω–æ–≤–∫–∞ —Ä–µ–∂–∏–º–∞ —Ä–∞–±–æ—Ç—ã —Ç–∞–π–º–µ—Ä–∞ T/C1
0003 758920           21            mov TMOD, #20h
                      22            
                      23            ;–ù–∞—á–∞–ª—å–Ω–æ–µ –∑–Ω–∞—á–µ–Ω–∏–µ —Ç–∞–π–º–µ—Ä–∞
0006 758DF4           24            mov TH1, #0F4h
                      25            
0009 7880             26            mov R0, #EXTERNAL_DATA_MEMORY
000B 7900             27            mov R1, #00h; –°–∫–æ–ª—å–∫–æ –±–∞–π—Ç –ø–µ—Ä–µ–¥–∞–Ω–æ
                      28            
000D 759850           29            mov SCON, #50h; –ü—Ä–∏—ë–º –¥–∞–Ω–Ω—ã—Ö –≤ —Ä–µ–∂–∏–º–µ 8-—Ä–∞–∑—Ä—è–¥–Ω–æ–≥–æ –£–ê–
                                                                               ü–ü
                      30    
                      31            ;–ó–∞–ø—É—Å–∫ —Ç–∞–π–º–µ—Ä–∞ T/C1
0010 758840           32            mov TCON, #40h
                      33            
0013                  34    wait_for_transmitter:
0013 E5B0             35            mov A, P3
0015 5410             36            anl A, #10h; –í—ã–¥–µ–ª—è–µ–º —Å–∏–≥–Ω–∞–ª –≥–æ—Ç–æ–≤–Ω–æ—Å—Ç–∏ –ø–µ—Ä–µ–¥–∞—Ç—á–∏–∫
                                                                               –∞
0017 C3               37            clr C
0018 9410             38            subb A, #10h
001A 70F7             39            jnz wait_for_transmitter
                      40            
                      41            ;–°–±—Ä–∞—Å—ã–≤–∞–µ–º —Å–∏–≥–Ω–∞–ª –≥–æ—Ç–æ–≤–Ω–æ—Å—Ç–∏ –ø—Ä–∏—ë–º–Ω–∏–∫–∞
001C E5B0             42            mov A, P3
001E 54DF             43            anl A, #0DFh
0020 F5B0             44            mov P3, A
                      45            
                      46            ;–°—á–∏—Ç—ã–≤–∞–µ–º –∑–Ω–∞—á–µ–Ω–∏–µ –∏–∑ –ø–æ—Å–ª–µ–¥–æ–≤–∞—Ç–µ–ª—å–Ω–æ–≥–æ –ø–æ—Ä—
                                                                               Ç–∞
0022 A699             47            mov @R0, SBUF
                      48            
                      49            ;–ü–æ–¥–≥–æ—Ç–æ–≤–∫–∞ –∫ —á—Ç–µ–Ω–∏—é —Å–ª–µ–¥—É—é—â–µ–≥–æ –±–∞–π—Ç–∞
LAB5-2                                                                                                        PAGE 2

0024 E9               50            mov A, R1
0025 C3               51            clr C
0026 9470             52            subb A, #EXTERNAL_DATA_MEMORY_SIZE
0028 7004             53            jnz not_zero
002A 7900             54            mov R1, #00h; –í–æ–∑–≤—Ä–∞—â–∞–µ–º—Å—è –≤ –Ω–∞—á–∞–ª–æ –∑–∞–ø–∏—Å—ã–≤–∞–µ–º–æ–π –æ–±
                                                                               –ª–∞—Å—Ç–∏ –ø–∞–º—è—Ç–∏
002C 7880             55            mov R0, #EXTERNAL_DATA_MEMORY
                      56    
002E                  57    not_zero:
002E 09               58            inc R1
002F 08               59            inc R0
                      60            
                      61            ;–£—Å—Ç–∞–Ω–∞–≤–ª–∏–≤–∞–µ–º —Å–∏–≥–Ω–∞–ª –≥–æ—Ç–æ–≤–Ω–æ—Å—Ç–∏ –ø—Ä–∏—ë–º–Ω–∏–∫–∞
0030 E5B0             62            mov A, P3
0032 4420             63            orl A, #20h
0034 F5B0             64            mov P3, A
                      65            
                      66            ;–°–±—Ä–∞—Å—ã–≤–∞–µ–º —Ñ–ª–∞–≥ –ø—Ä–µ—Ä—ã–≤–∞–Ω–∏—è –ø–æ—Å–ª–µ–¥–æ–≤–∞—Ç–µ–ª—å–Ω–æ–≥
                                                                               –æ –ø–æ—Ä—Ç–∞
0036 C298             67            clr SCON.0
                      68            
                      69    ;–ö–æ–Ω–µ—Ü –ø—Ä–æ–≥—Ä–∞–º–º—ã
0038 80D9             70            jmp wait_for_transmitter        
                      71            
003A                  72    stack:
                      73    
                      74    END

VERSION 1.2h ASSEMBLY COMPLETE, 0 ERRORS FOUND
LAB5-2                                                                                                        PAGE 3

ADDRESS. . . . . . . . . . . . .    NUMB  0031H  NOT USED  
BYTE_NUMBER. . . . . . . . . . .    NUMB  0030H  NOT USED  
EXTERNAL_DATA_MEMORY . . . . . .    NUMB  0080H  
EXTERNAL_DATA_MEMORY_SIZE. . . .    NUMB  0070H  
INIT_SERIAL_PORT . . . . . . . .  C ADDR  0000H  NOT USED  
NOT_ZERO . . . . . . . . . . . .  C ADDR  002EH  
P3 . . . . . . . . . . . . . . .  D ADDR  00B0H  PREDEFINED  
SBUF . . . . . . . . . . . . . .  D ADDR  0099H  PREDEFINED  
SCON . . . . . . . . . . . . . .  D ADDR  0098H  PREDEFINED  
SP . . . . . . . . . . . . . . .  D ADDR  0081H  PREDEFINED  
STACK. . . . . . . . . . . . . .  C ADDR  003AH  
TCON . . . . . . . . . . . . . .  D ADDR  0088H  PREDEFINED  
TH1. . . . . . . . . . . . . . .  D ADDR  008DH  PREDEFINED  
TMOD . . . . . . . . . . . . . .  D ADDR  0089H  PREDEFINED  
WAIT_FOR_TRANSMITTER . . . . . .  C ADDR  0013H  
